<?xml version="1.0" encoding="UTF-8" ?>
<testsuite tests="39" failures="0" name="runner.TestRunner" time="0.326" errors="0" skipped="0">
  <properties>
[...]
</properties>
  <testcase classname="| Printed Summer Dress | Printed Dress | Faded Short Sleeve T-shirts | Billing Address | Pay by check |" name="Given User is on Homepage of the application" time="0.154"/>
  <testcase classname="| Printed Summer Dress | Printed Dress | Faded Short Sleeve T-shirts | Billing Address | Pay by check |" name="When User navigates to login page" time="0"/>
  <testcase classname="| Printed Summer Dress | Printed Dress | Faded Short Sleeve T-shirts | Billing Address | Pay by check |" name="And User fills registration details" time="0"/>
  <testcase classname="| Printed Summer Dress | Printed Dress | Faded Short Sleeve T-shirts | Billing Address | Pay by check |" name="Then Verify registered user on homepage" time="0"/>
  <testcase classname="| Printed Summer Dress | Printed Dress | Faded Short Sleeve T-shirts | Billing Address | Pay by check |" name="When User selects &quot;Printed Summer Dress&quot; from homepage" time="0"/>
  <testcase classname="| Printed Summer Dress | Printed Dress | Faded Short Sleeve T-shirts | Billing Address | Pay by check |" name="Then Verify selected product on the product detail page" time="0"/>
  <testcase classname="| Printed Summer Dress | Printed Dress | Faded Short Sleeve T-shirts | Billing Address | Pay by check |" name="When User adds item to the cart from product detail page" time="0"/>
  <testcase classname="| Printed Summer Dress | Printed Dress | Faded Short Sleeve T-shirts | Billing Address | Pay by check |" name="Then Verify &quot;Printed Summer Dress&quot; product on cart page" time="0"/>
  <testcase classname="| Printed Summer Dress | Printed Dress | Faded Short Sleeve T-shirts | Billing Address | Pay by check |" name="And User click on continue to shopping button on Cart page" time="0"/>
  <testcase classname="| Printed Summer Dress | Printed Dress | Faded Short Sleeve T-shirts | Billing Address | Pay by check |" name="When User selects &quot;Printed Dress&quot; from homepage" time="0"/>
  <testcase classname="| Printed Summer Dress | Printed Dress | Faded Short Sleeve T-shirts | Billing Address | Pay by check |" name="Then Verify selected product on the product detail page" time="0"/>
  <testcase classname="| Printed Summer Dress | Printed Dress | Faded Short Sleeve T-shirts | Billing Address | Pay by check |" name="When User adds item to the cart from product detail page" time="0"/>
  <testcase classname="| Printed Summer Dress | Printed Dress | Faded Short Sleeve T-shirts | Billing Address | Pay by check |" name="Then Verify &quot;Printed Dress&quot; product on cart page" time="0"/>
  <testcase classname="| Printed Summer Dress | Printed Dress | Faded Short Sleeve T-shirts | Billing Address | Pay by check |" name="When User proceeds to checkout from Cart page" time="0"/>
  <testcase classname="| Printed Summer Dress | Printed Dress | Faded Short Sleeve T-shirts | Billing Address | Pay by check |" name="Then User verifies product details on Summary page" time="0"/>
  <testcase classname="| Printed Summer Dress | Printed Dress | Faded Short Sleeve T-shirts | Billing Address | Pay by check |" name="When User clear cart on Summary page" time="0"/>
  <testcase classname="| Printed Summer Dress | Printed Dress | Faded Short Sleeve T-shirts | Billing Address | Pay by check |" name="Then navigate to shopping screen" time="0"/>
  <testcase classname="| Printed Summer Dress | Printed Dress | Faded Short Sleeve T-shirts | Billing Address | Pay by check |" name="When User selects &quot;Faded Short Sleeve T-shirts&quot; from homepage" time="0"/>
  <testcase classname="| Printed Summer Dress | Printed Dress | Faded Short Sleeve T-shirts | Billing Address | Pay by check |" name="Then User selects size of the dress on product detail page" time="0"/>
  <testcase classname="| Printed Summer Dress | Printed Dress | Faded Short Sleeve T-shirts | Billing Address | Pay by check |" name="When User adds item to the cart from product detail page" time="0"/>
  <testcase classname="| Printed Summer Dress | Printed Dress | Faded Short Sleeve T-shirts | Billing Address | Pay by check |" name="Then Verify &quot;Faded Short Sleeve T-shirts&quot; product on cart page" time="0"/>
  <testcase classname="| Printed Summer Dress | Printed Dress | Faded Short Sleeve T-shirts | Billing Address | Pay by check |" name="And User click on continue to shopping button on Cart page" time="0"/>
  <testcase classname="| Printed Summer Dress | Printed Dress | Faded Short Sleeve T-shirts | Billing Address | Pay by check |" name="When User selects &quot;Printed Summer Dress&quot; from homepage" time="0"/>
  <testcase classname="| Printed Summer Dress | Printed Dress | Faded Short Sleeve T-shirts | Billing Address | Pay by check |" name="Then User selects size of the dress on product detail page" time="0"/>
  <testcase classname="| Printed Summer Dress | Printed Dress | Faded Short Sleeve T-shirts | Billing Address | Pay by check |" name="When User adds item to the cart from product detail page" time="0"/>
  <testcase classname="| Printed Summer Dress | Printed Dress | Faded Short Sleeve T-shirts | Billing Address | Pay by check |" name="Then Verify &quot;Printed Summer Dress&quot; product on cart page" time="0"/>
  <testcase classname="| Printed Summer Dress | Printed Dress | Faded Short Sleeve T-shirts | Billing Address | Pay by check |" name="When User proceeds to checkout from Cart page" time="0"/>
  <testcase classname="| Printed Summer Dress | Printed Dress | Faded Short Sleeve T-shirts | Billing Address | Pay by check |" name="Then User verifies product details on Summary page" time="0"/>
  <testcase classname="| Printed Summer Dress | Printed Dress | Faded Short Sleeve T-shirts | Billing Address | Pay by check |" name="When User clicks on proceed to checkout button on Summary page" time="0"/>
  <testcase classname="| Printed Summer Dress | Printed Dress | Faded Short Sleeve T-shirts | Billing Address | Pay by check |" name="Then Verify &quot;Billing Address&quot; address on Address confirmation page" time="0"/>
  <testcase classname="| Printed Summer Dress | Printed Dress | Faded Short Sleeve T-shirts | Billing Address | Pay by check |" name="When User clicks on proceed to checkout button on Address confirmation page" time="0"/>
  <testcase classname="| Printed Summer Dress | Printed Dress | Faded Short Sleeve T-shirts | Billing Address | Pay by check |" name="Then Verify terms of service on Shipping page" time="0"/>
  <testcase classname="| Printed Summer Dress | Printed Dress | Faded Short Sleeve T-shirts | Billing Address | Pay by check |" name="When User click on agree button on Shipping page" time="0"/>
  <testcase classname="| Printed Summer Dress | Printed Dress | Faded Short Sleeve T-shirts | Billing Address | Pay by check |" name="And User click on proceed to checkout on Shipping page" time="0"/>
  <testcase classname="| Printed Summer Dress | Printed Dress | Faded Short Sleeve T-shirts | Billing Address | Pay by check |" name="Then Verify product details on Payment page" time="0"/>
  <testcase classname="| Printed Summer Dress | Printed Dress | Faded Short Sleeve T-shirts | Billing Address | Pay by check |" name="When select &quot;Pay by check&quot; as payment method on Payment page" time="0"/>
  <testcase classname="| Printed Summer Dress | Printed Dress | Faded Short Sleeve T-shirts | Billing Address | Pay by check |" name="And User clicks on confirm my order button on payment page" time="0"/>
  <testcase classname="| Printed Summer Dress | Printed Dress | Faded Short Sleeve T-shirts | Billing Address | Pay by check |" name="Then Verify order details on order confirmation page" time="0"/>
  <testcase classname="| Printed Summer Dress | Printed Dress | Faded Short Sleeve T-shirts | Billing Address | Pay by check |" name="| Printed Summer Dress | Printed Dress | Faded Short Sleeve T-shirts | Billing Address | Pay by check |" time="0.172"/>
</testsuite>